*** You are running in headless mode.
console.warn: SearchSettings: "get: No settings file exists, new profile?" (new Error("", "(unknown module)"))
1604226961847	Marionette	INFO	Listening on port 36013
1604226961961	Marionette	WARN	TLS certificate errors will be ignored for this session
console.error: Region.jsm: "Error fetching region" (new AbortError("The operation was aborted. ", (void 0), 697))
console.error: Region.jsm: "Failed to fetch region" (new Error("NO_RESULT", "resource://gre/modules/Region.jsm", 351))
*** You are running in headless mode.
console.warn: SearchSettings: "get: No settings file exists, new profile?" (new Error("", "(unknown module)"))
1604227023464	Marionette	INFO	Listening on port 40761
1604227023553	Marionette	WARN	TLS certificate errors will be ignored for this session
console.error: Region.jsm: "Error fetching region" (new AbortError("The operation was aborted. ", (void 0), 697))
console.error: Region.jsm: "Failed to fetch region" (new Error("NO_RESULT", "resource://gre/modules/Region.jsm", 351))
*** You are running in headless mode.
console.warn: SearchSettings: "get: No settings file exists, new profile?" (new Error("", "(unknown module)"))
1604227136160	Marionette	INFO	Listening on port 44221
1604227136196	Marionette	WARN	TLS certificate errors will be ignored for this session
console.error: Region.jsm: "Error fetching region" (new AbortError("The operation was aborted. ", (void 0), 697))
console.error: Region.jsm: "Failed to fetch region" (new Error("NO_RESULT", "resource://gre/modules/Region.jsm", 351))
*** You are running in headless mode.
console.warn: SearchSettings: "get: No settings file exists, new profile?" (new Error("", "(unknown module)"))
1604228722855	Marionette	INFO	Listening on port 41339
1604228722959	Marionette	WARN	TLS certificate errors will be ignored for this session
console.error: Region.jsm: "Error fetching region" (new AbortError("The operation was aborted. ", (void 0), 697))
console.error: Region.jsm: "Failed to fetch region" (new Error("NO_RESULT", "resource://gre/modules/Region.jsm", 351))
*** You are running in headless mode.
console.warn: SearchSettings: "get: No settings file exists, new profile?" (new Error("", "(unknown module)"))
1604228745591	Marionette	INFO	Listening on port 44241
1604228745687	Marionette	WARN	TLS certificate errors will be ignored for this session
console.error: Region.jsm: "Error fetching region" (new AbortError("The operation was aborted. ", (void 0), 697))
console.error: Region.jsm: "Failed to fetch region" (new Error("NO_RESULT", "resource://gre/modules/Region.jsm", 351))
*** You are running in headless mode.
console.warn: SearchSettings: "get: No settings file exists, new profile?" (new Error("", "(unknown module)"))
1604228810928	Marionette	INFO	Listening on port 32957
1604228811069	Marionette	WARN	TLS certificate errors will be ignored for this session
console.error: Region.jsm: "Error fetching region" (new AbortError("The operation was aborted. ", (void 0), 697))
console.error: Region.jsm: "Failed to fetch region" (new Error("NO_RESULT", "resource://gre/modules/Region.jsm", 351))
JavaScript error: https://cdn.ampproject.org/rtv/012005050322003/v0.js, line 482: TypeError: b is null
JavaScript error: https://cdn.ampproject.org/rtv/012005050322003/v0.js, line 482: TypeError: b is null
JavaScript error: https://cdn.ampproject.org/rtv/012005050322003/v0.js, line 29: Error: Render timeout waiting for extension amp-analytics to be load.​​​
*** You are running in headless mode.
console.warn: SearchSettings: "get: No settings file exists, new profile?" (new Error("", "(unknown module)"))
1604228867742	Marionette	INFO	Listening on port 42479
1604228867761	Marionette	WARN	TLS certificate errors will be ignored for this session
console.error: Region.jsm: "Error fetching region" (new AbortError("The operation was aborted. ", (void 0), 697))
console.error: Region.jsm: "Failed to fetch region" (new Error("NO_RESULT", "resource://gre/modules/Region.jsm", 351))
*** You are running in headless mode.
console.warn: SearchSettings: "get: No settings file exists, new profile?" (new Error("", "(unknown module)"))
1604228938482	Marionette	INFO	Listening on port 34691
1604228938587	Marionette	WARN	TLS certificate errors will be ignored for this session
console.error: Region.jsm: "Error fetching region" (new AbortError("The operation was aborted. ", (void 0), 697))
console.error: Region.jsm: "Failed to fetch region" (new Error("NO_RESULT", "resource://gre/modules/Region.jsm", 351))
JavaScript error: https://cdn.ampproject.org/rtv/012005050322003/v0.js, line 482: TypeError: b is null
*** You are running in headless mode.
console.warn: SearchSettings: "get: No settings file exists, new profile?" (new Error("", "(unknown module)"))
1604229049232	Marionette	INFO	Listening on port 43569
1604229049269	Marionette	WARN	TLS certificate errors will be ignored for this session
console.error: Region.jsm: "Error fetching region" (new AbortError("The operation was aborted. ", (void 0), 697))
console.error: Region.jsm: "Failed to fetch region" (new Error("NO_RESULT", "resource://gre/modules/Region.jsm", 351))
*** You are running in headless mode.
console.warn: SearchSettings: "get: No settings file exists, new profile?" (new Error("", "(unknown module)"))
1604229086657	Marionette	INFO	Listening on port 44223
1604229086698	Marionette	WARN	TLS certificate errors will be ignored for this session
*** You are running in headless mode.
console.warn: SearchSettings: "get: No settings file exists, new profile?" (new Error("", "(unknown module)"))
1604229090016	Marionette	INFO	Listening on port 41703
1604229090116	Marionette	WARN	TLS certificate errors will be ignored for this session
console.error: Region.jsm: "Error fetching region" (new AbortError("The operation was aborted. ", (void 0), 697))
console.error: Region.jsm: "Failed to fetch region" (new Error("NO_RESULT", "resource://gre/modules/Region.jsm", 351))
console.error: Region.jsm: "Error fetching region" (new AbortError("The operation was aborted. ", (void 0), 697))
console.error: Region.jsm: "Failed to fetch region" (new Error("NO_RESULT", "resource://gre/modules/Region.jsm", 351))
JavaScript error: https://cdn.ampproject.org/rtv/012005050322003/v0.js, line 482: TypeError: b is null
JavaScript error: https://cdn.ampproject.org/rtv/012005050322003/v0.js, line 482: TypeError: b is null
JavaScript error: https://cdn.ampproject.org/rtv/012005050322003/v0.js, line 482: TypeError: b is null
JavaScript error: https://cdn.ampproject.org/rtv/012005050322003/v0.js, line 482: TypeError: b is null
JavaScript error: https://cdn.ampproject.org/rtv/012005050322003/v0.js, line 482: TypeError: b is null
JavaScript error: https://cdn.ampproject.org/rtv/012005050322003/v0.js, line 482: TypeError: b is null
JavaScript error: https://cdn.ampproject.org/rtv/012005050322003/v0.js, line 482: TypeError: b is null
JavaScript error: https://cdn.ampproject.org/rtv/012005050322003/v0.js, line 482: TypeError: b is null
JavaScript error: https://cdn.ampproject.org/rtv/012005050322003/v0.js, line 482: TypeError: b is null
JavaScript error: https://cdn.ampproject.org/rtv/012005050322003/v0.js, line 29: Error: Render timeout waiting for extension amp-analytics to be load.​​​
Exiting due to channel error.
Exiting due to channel error.
Exiting due to channel error.
Exiting due to channel error.
Exiting due to channel error.
Exiting due to channel error.
Exiting due to channel error.
Exiting due to channel error.
Exiting due to channel error.
